<?xml version="1.0" encoding="UTF-8"?>
<testng-results skipped="0" failed="0" ignored="0" total="1" passed="1">
  <reporter-output>
  </reporter-output>
  <suite name="Default suite" duration-ms="23218" started-at="2018-10-09T18:01:06Z" finished-at="2018-10-09T18:01:30Z">
    <groups>
    </groups>
    <test name="Default test" duration-ms="23218" started-at="2018-10-09T18:01:06Z" finished-at="2018-10-09T18:01:30Z">
      <class name="com.freecrm.FreeCRMTest">
        <test-method status="PASS" signature="setUp()[pri:0, instance:com.freecrm.FreeCRMTest@27d415d9]" name="setUp" is-config="true" duration-ms="22589" started-at="2018-10-09T18:01:07Z" finished-at="2018-10-09T18:01:29Z">
          <reporter-output>
          </reporter-output>
        </test-method> <!-- setUp -->
        <test-method status="PASS" signature="pass()[pri:0, instance:com.freecrm.FreeCRMTest@27d415d9]" name="pass" duration-ms="456" started-at="2018-10-09T18:01:29Z" finished-at="2018-10-09T18:01:30Z">
          <reporter-output>
          </reporter-output>
        </test-method> <!-- pass -->
        <test-method status="PASS" signature="tearDown()[pri:0, instance:com.freecrm.FreeCRMTest@27d415d9]" name="tearDown" is-config="true" duration-ms="62" started-at="2018-10-09T18:01:30Z" finished-at="2018-10-09T18:01:30Z">
          <reporter-output>
          </reporter-output>
        </test-method> <!-- tearDown -->
      </class> <!-- com.freecrm.FreeCRMTest -->
    </test> <!-- Default test -->
  </suite> <!-- Default suite -->
</testng-results>
